mode: atomic
github.com/absmach/magistrala/users/service.go:41.171,50.2 1 18
github.com/absmach/magistrala/users/service.go:52.125,53.23 1 20
github.com/absmach/magistrala/users/service.go:53.23,55.17 2 4
github.com/absmach/magistrala/users/service.go:55.17,57.4 1 1
github.com/absmach/magistrala/users/service.go:58.3,58.61 1 3
github.com/absmach/magistrala/users/service.go:58.61,60.4 1 2
github.com/absmach/magistrala/users/service.go:63.2,64.16 2 17
github.com/absmach/magistrala/users/service.go:64.16,66.3 1 0
github.com/absmach/magistrala/users/service.go:68.2,68.34 1 17
github.com/absmach/magistrala/users/service.go:68.34,70.17 2 14
github.com/absmach/magistrala/users/service.go:70.17,72.4 1 1
github.com/absmach/magistrala/users/service.go:73.3,73.32 1 13
github.com/absmach/magistrala/users/service.go:76.2,76.85 1 16
github.com/absmach/magistrala/users/service.go:76.85,78.3 1 1
github.com/absmach/magistrala/users/service.go:79.2,79.71 1 15
github.com/absmach/magistrala/users/service.go:79.71,81.3 1 1
github.com/absmach/magistrala/users/service.go:82.2,85.67 3 14
github.com/absmach/magistrala/users/service.go:85.67,87.3 1 2
github.com/absmach/magistrala/users/service.go:88.2,88.15 1 12
github.com/absmach/magistrala/users/service.go:88.15,89.17 1 12
github.com/absmach/magistrala/users/service.go:89.17,90.93 1 5
github.com/absmach/magistrala/users/service.go:90.93,92.5 1 2
github.com/absmach/magistrala/users/service.go:95.2,96.16 2 12
github.com/absmach/magistrala/users/service.go:96.16,98.3 1 5
github.com/absmach/magistrala/users/service.go:99.2,99.20 1 7
github.com/absmach/magistrala/users/service.go:102.114,104.16 2 11
github.com/absmach/magistrala/users/service.go:104.16,106.3 1 2
github.com/absmach/magistrala/users/service.go:107.2,107.78 1 9
github.com/absmach/magistrala/users/service.go:107.78,109.3 1 2
github.com/absmach/magistrala/users/service.go:111.2,112.20 2 7
github.com/absmach/magistrala/users/service.go:112.20,114.3 1 1
github.com/absmach/magistrala/users/service.go:116.2,117.16 2 7
github.com/absmach/magistrala/users/service.go:117.16,119.3 1 2
github.com/absmach/magistrala/users/service.go:121.2,121.19 1 5
github.com/absmach/magistrala/users/service.go:124.112,126.20 2 7
github.com/absmach/magistrala/users/service.go:126.20,128.3 1 5
github.com/absmach/magistrala/users/service.go:130.2,131.16 2 7
github.com/absmach/magistrala/users/service.go:131.16,133.3 1 1
github.com/absmach/magistrala/users/service.go:135.2,136.16 2 6
github.com/absmach/magistrala/users/service.go:136.16,138.3 1 1
github.com/absmach/magistrala/users/service.go:139.2,139.47 1 5
github.com/absmach/magistrala/users/service.go:139.47,141.3 1 1
github.com/absmach/magistrala/users/service.go:143.2,143.96 1 4
github.com/absmach/magistrala/users/service.go:146.96,148.16 2 7
github.com/absmach/magistrala/users/service.go:148.16,150.3 1 3
github.com/absmach/magistrala/users/service.go:152.2,153.16 2 4
github.com/absmach/magistrala/users/service.go:153.16,155.3 1 1
github.com/absmach/magistrala/users/service.go:157.2,157.23 1 3
github.com/absmach/magistrala/users/service.go:157.23,158.66 1 2
github.com/absmach/magistrala/users/service.go:158.66,160.4 1 1
github.com/absmach/magistrala/users/service.go:163.2,165.20 2 2
github.com/absmach/magistrala/users/service.go:168.93,170.16 2 3
github.com/absmach/magistrala/users/service.go:170.16,172.3 1 1
github.com/absmach/magistrala/users/service.go:173.2,174.16 2 2
github.com/absmach/magistrala/users/service.go:174.16,176.3 1 1
github.com/absmach/magistrala/users/service.go:177.2,179.20 2 1
github.com/absmach/magistrala/users/service.go:182.117,184.16 2 13
github.com/absmach/magistrala/users/service.go:184.16,186.3 1 1
github.com/absmach/magistrala/users/service.go:187.2,187.60 1 12
github.com/absmach/magistrala/users/service.go:187.60,189.17 2 8
github.com/absmach/magistrala/users/service.go:189.17,191.4 1 1
github.com/absmach/magistrala/users/service.go:192.3,192.17 1 7
github.com/absmach/magistrala/users/service.go:195.2,204.16 3 4
github.com/absmach/magistrala/users/service.go:204.16,206.3 1 1
github.com/absmach/magistrala/users/service.go:208.2,208.31 1 3
github.com/absmach/magistrala/users/service.go:208.31,210.3 1 1
github.com/absmach/magistrala/users/service.go:212.2,212.16 1 3
github.com/absmach/magistrala/users/service.go:215.116,217.16 2 10
github.com/absmach/magistrala/users/service.go:217.16,219.3 1 2
github.com/absmach/magistrala/users/service.go:221.2,221.27 1 8
github.com/absmach/magistrala/users/service.go:221.27,222.66 1 5
github.com/absmach/magistrala/users/service.go:222.66,224.4 1 2
github.com/absmach/magistrala/users/service.go:227.2,236.16 3 6
github.com/absmach/magistrala/users/service.go:236.16,238.3 1 2
github.com/absmach/magistrala/users/service.go:239.2,239.20 1 4
github.com/absmach/magistrala/users/service.go:242.120,244.16 2 8
github.com/absmach/magistrala/users/service.go:244.16,246.3 1 2
github.com/absmach/magistrala/users/service.go:248.2,248.27 1 6
github.com/absmach/magistrala/users/service.go:248.27,249.66 1 4
github.com/absmach/magistrala/users/service.go:249.66,251.4 1 2
github.com/absmach/magistrala/users/service.go:254.2,261.16 3 4
github.com/absmach/magistrala/users/service.go:261.16,263.3 1 2
github.com/absmach/magistrala/users/service.go:265.2,265.20 1 2
github.com/absmach/magistrala/users/service.go:268.122,270.16 2 8
github.com/absmach/magistrala/users/service.go:270.16,272.3 1 2
github.com/absmach/magistrala/users/service.go:274.2,274.29 1 6
github.com/absmach/magistrala/users/service.go:274.29,275.66 1 4
github.com/absmach/magistrala/users/service.go:275.66,277.4 1 2
github.com/absmach/magistrala/users/service.go:280.2,289.16 3 4
github.com/absmach/magistrala/users/service.go:289.16,291.3 1 2
github.com/absmach/magistrala/users/service.go:292.2,292.17 1 2
github.com/absmach/magistrala/users/service.go:295.86,297.16 2 3
github.com/absmach/magistrala/users/service.go:297.16,299.3 1 1
github.com/absmach/magistrala/users/service.go:300.2,305.16 3 2
github.com/absmach/magistrala/users/service.go:305.16,307.3 1 1
github.com/absmach/magistrala/users/service.go:309.2,309.80 1 1
github.com/absmach/magistrala/users/service.go:312.86,314.16 2 6
github.com/absmach/magistrala/users/service.go:314.16,316.3 1 1
github.com/absmach/magistrala/users/service.go:317.2,318.16 2 5
github.com/absmach/magistrala/users/service.go:318.16,320.3 1 1
github.com/absmach/magistrala/users/service.go:322.2,323.16 2 4
github.com/absmach/magistrala/users/service.go:323.16,325.3 1 1
github.com/absmach/magistrala/users/service.go:326.2,335.60 2 3
github.com/absmach/magistrala/users/service.go:335.60,337.3 1 1
github.com/absmach/magistrala/users/service.go:338.2,338.12 1 2
github.com/absmach/magistrala/users/service.go:341.122,343.16 2 7
github.com/absmach/magistrala/users/service.go:343.16,345.3 1 1
github.com/absmach/magistrala/users/service.go:346.2,347.16 2 6
github.com/absmach/magistrala/users/service.go:347.16,349.3 1 1
github.com/absmach/magistrala/users/service.go:350.2,350.93 1 5
github.com/absmach/magistrala/users/service.go:350.93,352.3 1 2
github.com/absmach/magistrala/users/service.go:353.2,354.16 2 3
github.com/absmach/magistrala/users/service.go:354.16,356.3 1 1
github.com/absmach/magistrala/users/service.go:357.2,362.16 5 2
github.com/absmach/magistrala/users/service.go:362.16,364.3 1 1
github.com/absmach/magistrala/users/service.go:366.2,366.22 1 1
github.com/absmach/magistrala/users/service.go:369.96,372.2 2 1
github.com/absmach/magistrala/users/service.go:374.120,376.16 2 13
github.com/absmach/magistrala/users/service.go:376.16,378.3 1 2
github.com/absmach/magistrala/users/service.go:380.2,380.65 1 11
github.com/absmach/magistrala/users/service.go:380.65,382.3 1 3
github.com/absmach/magistrala/users/service.go:383.2,390.17 2 8
github.com/absmach/magistrala/users/service.go:390.17,391.158 1 0
github.com/absmach/magistrala/users/service.go:391.158,393.4 1 0
github.com/absmach/magistrala/users/service.go:396.2,396.70 1 8
github.com/absmach/magistrala/users/service.go:396.70,398.3 1 4
github.com/absmach/magistrala/users/service.go:400.2,401.16 2 4
github.com/absmach/magistrala/users/service.go:401.16,403.97 1 2
github.com/absmach/magistrala/users/service.go:403.97,405.4 1 1
github.com/absmach/magistrala/users/service.go:406.3,406.70 1 1
github.com/absmach/magistrala/users/service.go:408.2,408.20 1 2
github.com/absmach/magistrala/users/service.go:411.98,418.16 3 7
github.com/absmach/magistrala/users/service.go:418.16,420.3 1 6
github.com/absmach/magistrala/users/service.go:422.2,422.20 1 1
github.com/absmach/magistrala/users/service.go:425.99,432.16 3 7
github.com/absmach/magistrala/users/service.go:432.16,434.3 1 6
github.com/absmach/magistrala/users/service.go:436.2,436.20 1 1
github.com/absmach/magistrala/users/service.go:439.125,441.16 2 14
github.com/absmach/magistrala/users/service.go:441.16,443.3 1 2
github.com/absmach/magistrala/users/service.go:444.2,444.65 1 12
github.com/absmach/magistrala/users/service.go:444.65,446.3 1 4
github.com/absmach/magistrala/users/service.go:447.2,448.16 2 8
github.com/absmach/magistrala/users/service.go:448.16,450.3 1 2
github.com/absmach/magistrala/users/service.go:451.2,451.38 1 6
github.com/absmach/magistrala/users/service.go:451.38,453.3 1 2
github.com/absmach/magistrala/users/service.go:454.2,457.16 3 4
github.com/absmach/magistrala/users/service.go:457.16,459.3 1 2
github.com/absmach/magistrala/users/service.go:460.2,460.20 1 2
github.com/absmach/magistrala/users/service.go:463.139,465.16 2 13
github.com/absmach/magistrala/users/service.go:465.16,467.3 1 1
github.com/absmach/magistrala/users/service.go:468.2,470.20 3 12
github.com/absmach/magistrala/users/service.go:471.23,473.28 2 7
github.com/absmach/magistrala/users/service.go:474.24,476.53 2 3
github.com/absmach/magistrala/users/service.go:477.23,478.14 1 2
github.com/absmach/magistrala/users/service.go:479.10,481.53 2 2
github.com/absmach/magistrala/users/service.go:484.2,484.117 1 12
github.com/absmach/magistrala/users/service.go:484.117,486.3 1 2
github.com/absmach/magistrala/users/service.go:487.2,493.16 2 10
github.com/absmach/magistrala/users/service.go:493.16,495.3 1 1
github.com/absmach/magistrala/users/service.go:496.2,496.30 1 9
github.com/absmach/magistrala/users/service.go:496.30,500.3 1 3
github.com/absmach/magistrala/users/service.go:502.2,504.46 2 6
github.com/absmach/magistrala/users/service.go:504.46,507.3 2 6
github.com/absmach/magistrala/users/service.go:508.2,511.16 3 6
github.com/absmach/magistrala/users/service.go:511.16,513.3 1 1
github.com/absmach/magistrala/users/service.go:515.2,515.31 1 5
github.com/absmach/magistrala/users/service.go:515.31,517.3 1 5
github.com/absmach/magistrala/users/service.go:519.2,519.41 1 5
github.com/absmach/magistrala/users/service.go:519.41,522.29 2 2
github.com/absmach/magistrala/users/service.go:522.29,525.22 2 2
github.com/absmach/magistrala/users/service.go:525.22,527.5 1 2
github.com/absmach/magistrala/users/service.go:530.3,530.34 1 2
github.com/absmach/magistrala/users/service.go:530.34,532.4 1 1
github.com/absmach/magistrala/users/service.go:535.2,538.8 1 4
github.com/absmach/magistrala/users/service.go:541.143,544.16 3 2
github.com/absmach/magistrala/users/service.go:544.16,546.3 1 1
github.com/absmach/magistrala/users/service.go:547.2,548.12 2 1
github.com/absmach/magistrala/users/service.go:551.121,558.16 2 2
github.com/absmach/magistrala/users/service.go:558.16,560.3 1 1
github.com/absmach/magistrala/users/service.go:561.2,561.33 1 1
github.com/absmach/magistrala/users/service.go:564.88,565.150 1 53
github.com/absmach/magistrala/users/service.go:565.150,566.67 1 20
github.com/absmach/magistrala/users/service.go:566.67,568.4 1 9
github.com/absmach/magistrala/users/service.go:569.3,569.58 1 11
github.com/absmach/magistrala/users/service.go:572.2,572.18 1 33
github.com/absmach/magistrala/users/service.go:575.97,577.16 2 13
github.com/absmach/magistrala/users/service.go:577.16,579.3 1 1
github.com/absmach/magistrala/users/service.go:580.2,580.17 1 12
github.com/absmach/magistrala/users/service.go:583.121,593.16 3 65
github.com/absmach/magistrala/users/service.go:593.16,595.3 1 1
github.com/absmach/magistrala/users/service.go:597.2,597.26 1 64
github.com/absmach/magistrala/users/service.go:597.26,599.3 1 21
github.com/absmach/magistrala/users/service.go:600.2,600.25 1 43
github.com/absmach/magistrala/users/service.go:603.129,604.15 1 4
github.com/absmach/magistrala/users/service.go:605.23,607.17 2 2
github.com/absmach/magistrala/users/service.go:607.17,608.49 1 1
github.com/absmach/magistrala/users/service.go:608.49,610.5 1 1
github.com/absmach/magistrala/users/service.go:611.4,611.70 1 0
github.com/absmach/magistrala/users/service.go:613.3,617.37 2 1
github.com/absmach/magistrala/users/service.go:618.23,620.17 2 2
github.com/absmach/magistrala/users/service.go:620.17,621.49 1 1
github.com/absmach/magistrala/users/service.go:621.49,623.5 1 1
github.com/absmach/magistrala/users/service.go:624.4,624.35 1 0
github.com/absmach/magistrala/users/service.go:626.3,630.37 2 1
github.com/absmach/magistrala/users/service.go:631.10,632.68 1 0
github.com/absmach/magistrala/users/service.go:636.80,638.16 2 100
github.com/absmach/magistrala/users/service.go:638.16,640.3 1 19
github.com/absmach/magistrala/users/service.go:641.2,641.30 1 81
github.com/absmach/magistrala/users/service.go:644.99,655.33 3 14
github.com/absmach/magistrala/users/service.go:655.33,663.3 1 4
github.com/absmach/magistrala/users/service.go:664.2,665.16 2 14
github.com/absmach/magistrala/users/service.go:665.16,667.3 1 1
github.com/absmach/magistrala/users/service.go:668.2,668.17 1 13
github.com/absmach/magistrala/users/service.go:668.17,670.3 1 1
github.com/absmach/magistrala/users/service.go:671.2,671.12 1 12
github.com/absmach/magistrala/users/service.go:674.107,685.33 3 5
github.com/absmach/magistrala/users/service.go:685.33,693.3 1 2
github.com/absmach/magistrala/users/service.go:694.2,695.16 2 5
github.com/absmach/magistrala/users/service.go:695.16,697.3 1 1
github.com/absmach/magistrala/users/service.go:698.2,698.19 1 4
github.com/absmach/magistrala/users/service.go:698.19,700.3 1 1
github.com/absmach/magistrala/users/service.go:701.2,701.12 1 3
github.com/absmach/magistrala/users/service.go:704.102,705.14 1 10
github.com/absmach/magistrala/users/service.go:706.27,714.17 2 5
github.com/absmach/magistrala/users/service.go:714.17,716.4 1 1
github.com/absmach/magistrala/users/service.go:717.3,717.18 1 4
github.com/absmach/magistrala/users/service.go:717.18,719.4 1 1
github.com/absmach/magistrala/users/service.go:720.3,720.13 1 3
github.com/absmach/magistrala/users/service.go:721.26,722.14 1 5
github.com/absmach/magistrala/users/service.go:723.10,731.17 2 5
github.com/absmach/magistrala/users/service.go:731.17,733.4 1 1
github.com/absmach/magistrala/users/service.go:734.3,734.20 1 4
github.com/absmach/magistrala/users/service.go:734.20,736.4 1 2
github.com/absmach/magistrala/users/service.go:737.3,737.13 1 2
